2020-11-29 08:20:45,572 - DEBUG - Starting new HTTPS connection (1): pubsonline.informs.org:443
2020-11-29 08:20:46,520 - DEBUG - https://pubsonline.informs.org:443 "GET /page/isre/calls-for-papers HTTP/1.1" 302 107
2020-11-29 08:20:46,688 - DEBUG - https://pubsonline.informs.org:443 "GET /page/isre/calls-for-papers?cookieSet=1 HTTP/1.1" 302 95
2020-11-29 08:20:47,133 - DEBUG - https://pubsonline.informs.org:443 "GET /page/isre/calls-for-papers HTTP/1.1" 200 19153
2020-11-29 08:20:47,166 - DEBUG - Starting new HTTPS connection (1): pubsonline.informs.org:443
2020-11-29 08:20:48,087 - DEBUG - https://pubsonline.informs.org:443 "GET /doi/full/10.1287/isre.2018.0830 HTTP/1.1" 302 112
2020-11-29 08:20:48,256 - DEBUG - https://pubsonline.informs.org:443 "GET /doi/full/10.1287/isre.2018.0830?cookieSet=1 HTTP/1.1" 302 100
2020-11-29 08:20:48,777 - DEBUG - https://pubsonline.informs.org:443 "GET /doi/full/10.1287/isre.2018.0830 HTTP/1.1" 200 None
2020-11-29 08:20:48,822 - DEBUG - Starting new HTTPS connection (1): pubsonline.informs.org:443
2020-11-29 08:20:49,584 - DEBUG - https://pubsonline.informs.org:443 "GET /doi/full/10.1287/isre.2018.0784 HTTP/1.1" 302 112
2020-11-29 08:20:49,753 - DEBUG - https://pubsonline.informs.org:443 "GET /doi/full/10.1287/isre.2018.0784?cookieSet=1 HTTP/1.1" 302 100
2020-11-29 08:20:50,075 - DEBUG - https://pubsonline.informs.org:443 "GET /doi/full/10.1287/isre.2018.0784 HTTP/1.1" 200 None
2020-11-29 08:20:50,285 - DEBUG - Starting new HTTPS connection (1): aisel.aisnet.org:443
2020-11-29 08:20:51,059 - DEBUG - https://aisel.aisnet.org:443 "GET /jais/ HTTP/1.1" 200 None
2020-11-29 08:20:51,088 - DEBUG - Starting new HTTPS connection (1): journals.sagepub.com:443
2020-11-29 08:20:51,413 - DEBUG - https://journals.sagepub.com:443 "GET /home/jina HTTP/1.1" 302 None
2020-11-29 08:20:51,598 - DEBUG - https://journals.sagepub.com:443 "GET /home/jina?cookieSet=1 HTTP/1.1" 302 None
2020-11-29 08:20:51,810 - DEBUG - https://journals.sagepub.com:443 "GET /home/jina HTTP/1.1" 200 None
2020-11-29 08:20:53,201 - DEBUG - Starting new HTTPS connection (1): jmis-web.org:443
2020-11-29 08:20:54,299 - DEBUG - https://jmis-web.org:443 "GET /issues HTTP/1.1" 200 None
2020-11-29 08:20:54,367 - DEBUG - Starting new HTTPS connection (1): misq.org:443
2020-11-29 08:20:55,542 - DEBUG - https://misq.org:443 "GET / HTTP/1.1" 200 3365
